<?xml version="1.0" encoding="UTF-8"?>
<testsuite name="com.one.chat.ChatApplicationTests" tests="1" skipped="0" failures="0" errors="0" timestamp="2025-02-14T02:18:59" hostname="chuhoseong-ui-MacBookAir.local" time="1.12">
  <properties/>
  <testcase name="contextLoads()" classname="com.one.chat.ChatApplicationTests" time="1.12"/>
  <system-out><![CDATA[11:18:51.958 [Test worker] INFO org.springframework.test.context.support.AnnotationConfigContextLoaderUtils -- Could not detect default configuration classes for test class [com.one.chat.ChatApplicationTests]: ChatApplicationTests does not declare any static, non-private, non-final, nested classes annotated with @Configuration.
11:18:52.134 [Test worker] INFO org.springframework.boot.test.context.SpringBootTestContextBootstrapper -- Found @SpringBootConfiguration com.one.chat.ChatApplication for test class com.one.chat.ChatApplicationTests

  .   ____          _            __ _ _
 /\\ / ___'_ __ _ _(_)_ __  __ _ \ \ \ \
( ( )\___ | '_ | '_| | '_ \/ _` | \ \ \ \
 \\/  ___)| |_)| | | | | || (_| |  ) ) ) )
  '  |____| .__|_| |_|_| |_\__, | / / / /
 =========|_|==============|___/=/_/_/_/

 :: Spring Boot ::                (v3.4.2)

2025-02-14T11:18:52.905+09:00  INFO 70758 --- [chat] [    Test worker] com.one.chat.ChatApplicationTests        : Starting ChatApplicationTests using Java 21.0.6 with PID 70758 (started by hosung in /Users/hosung/Desktop/chat/api-server)
2025-02-14T11:18:52.907+09:00  INFO 70758 --- [chat] [    Test worker] com.one.chat.ChatApplicationTests        : No active profile set, falling back to 1 default profile: "default"
2025-02-14T11:18:54.220+09:00  INFO 70758 --- [chat] [    Test worker] .s.d.r.c.RepositoryConfigurationDelegate : Bootstrapping Spring Data JPA repositories in DEFAULT mode.
2025-02-14T11:18:54.314+09:00  INFO 70758 --- [chat] [    Test worker] .s.d.r.c.RepositoryConfigurationDelegate : Finished Spring Data repository scanning in 81 ms. Found 1 JPA repository interface.
2025-02-14T11:18:55.160+09:00  INFO 70758 --- [chat] [    Test worker] o.hibernate.jpa.internal.util.LogHelper  : HHH000204: Processing PersistenceUnitInfo [name: default]
2025-02-14T11:18:55.203+09:00  INFO 70758 --- [chat] [    Test worker] org.hibernate.Version                    : HHH000412: Hibernate ORM core version 6.6.5.Final
2025-02-14T11:18:55.248+09:00  INFO 70758 --- [chat] [    Test worker] o.h.c.internal.RegionFactoryInitiator    : HHH000026: Second-level cache disabled
2025-02-14T11:18:55.775+09:00  INFO 70758 --- [chat] [    Test worker] o.s.o.j.p.SpringPersistenceUnitInfo      : No LoadTimeWeaver setup: ignoring JPA class transformer
2025-02-14T11:18:55.843+09:00  INFO 70758 --- [chat] [    Test worker] com.zaxxer.hikari.HikariDataSource       : HikariPool-1 - Starting...
2025-02-14T11:18:56.424+09:00  INFO 70758 --- [chat] [    Test worker] com.zaxxer.hikari.pool.HikariPool        : HikariPool-1 - Added connection com.mysql.cj.jdbc.ConnectionImpl@2493eec6
2025-02-14T11:18:56.434+09:00  INFO 70758 --- [chat] [    Test worker] com.zaxxer.hikari.HikariDataSource       : HikariPool-1 - Start completed.
2025-02-14T11:18:56.544+09:00  WARN 70758 --- [chat] [    Test worker] org.hibernate.orm.deprecation            : HHH90000025: MySQL8Dialect does not need to be specified explicitly using 'hibernate.dialect' (remove the property setting and it will be selected by default)
2025-02-14T11:18:56.546+09:00  WARN 70758 --- [chat] [    Test worker] org.hibernate.orm.deprecation            : HHH90000026: MySQL8Dialect has been deprecated; use org.hibernate.dialect.MySQLDialect instead
2025-02-14T11:18:56.584+09:00  INFO 70758 --- [chat] [    Test worker] org.hibernate.orm.connections.pooling    : HHH10001005: Database info:
	Database JDBC URL [Connecting through datasource 'HikariDataSource (HikariPool-1)']
	Database driver: undefined/unknown
	Database version: 8.0
	Autocommit mode: undefined/unknown
	Isolation level: undefined/unknown
	Minimum pool size: undefined/unknown
	Maximum pool size: undefined/unknown
2025-02-14T11:18:57.390+09:00  INFO 70758 --- [chat] [    Test worker] o.h.e.t.j.p.i.JtaPlatformInitiator       : HHH000489: No JTA platform available (set 'hibernate.transaction.jta.platform' to enable JTA platform integration)
2025-02-14T11:18:57.594+09:00  INFO 70758 --- [chat] [    Test worker] j.LocalContainerEntityManagerFactoryBean : Initialized JPA EntityManagerFactory for persistence unit 'default'
2025-02-14T11:18:58.587+09:00  WARN 70758 --- [chat] [    Test worker] JpaBaseConfiguration$JpaWebConfiguration : spring.jpa.open-in-view is enabled by default. Therefore, database queries may be performed during view rendering. Explicitly configure spring.jpa.open-in-view to disable this warning
2025-02-14T11:18:59.385+09:00  INFO 70758 --- [chat] [    Test worker] o.s.m.s.b.SimpleBrokerMessageHandler     : Starting...
2025-02-14T11:18:59.386+09:00  INFO 70758 --- [chat] [    Test worker] o.s.m.s.b.SimpleBrokerMessageHandler     : BrokerAvailabilityEvent[available=true, SimpleBrokerMessageHandler [org.springframework.messaging.simp.broker.DefaultSubscriptionRegistry@ab595e8]]
2025-02-14T11:18:59.391+09:00  INFO 70758 --- [chat] [    Test worker] o.s.m.s.b.SimpleBrokerMessageHandler     : Started.
2025-02-14T11:18:59.415+09:00  INFO 70758 --- [chat] [    Test worker] com.one.chat.ChatApplicationTests        : Started ChatApplicationTests in 7.05 seconds (process running for 9.008)
]]></system-out>
  <system-err><![CDATA[Mockito is currently self-attaching to enable the inline-mock-maker. This will no longer work in future releases of the JDK. Please add Mockito as an agent to your build what is described in Mockito's documentation: https://javadoc.io/doc/org.mockito/mockito-core/latest/org/mockito/Mockito.html#0.3
WARNING: A Java agent has been loaded dynamically (/Users/hosung/.gradle/caches/modules-2/files-2.1/net.bytebuddy/byte-buddy-agent/1.15.11/a38b16385e867f59a641330f0362ebe742788ed8/byte-buddy-agent-1.15.11.jar)
WARNING: If a serviceability tool is in use, please run with -XX:+EnableDynamicAgentLoading to hide this warning
WARNING: If a serviceability tool is not in use, please run with -Djdk.instrument.traceUsage for more information
WARNING: Dynamic loading of agents will be disallowed by default in a future release
]]></system-err>
</testsuite>
